[debug] [2022-05-14T17:52:32.633Z] ----------------------------------------------------------------------
[debug] [2022-05-14T17:52:32.636Z] Command:       C:\Program Files\nodejs\node.exe C:\Users\Dell 6430\AppData\Roaming\npm\node_modules\firebase-tools\lib\bin\firebase.js init
[debug] [2022-05-14T17:52:32.636Z] CLI Version:   10.9.2
[debug] [2022-05-14T17:52:32.637Z] Platform:      win32
[debug] [2022-05-14T17:52:32.637Z] Node Version:  v16.15.0
[debug] [2022-05-14T17:52:32.638Z] Time:          Sat May 14 2022 22:52:32 GMT+0500 (Pakistan Standard Time)
[debug] [2022-05-14T17:52:32.638Z] ----------------------------------------------------------------------
[debug] 
[debug] [2022-05-14T17:52:32.648Z] > command requires scopes: ["email","openid","https://www.googleapis.com/auth/cloudplatformprojects.readonly","https://www.googleapis.com/auth/firebase","https://www.googleapis.com/auth/cloud-platform"]
[debug] [2022-05-14T17:52:32.649Z] > authorizing via signed-in user (hassannadeem.dev@gmail.com)
[info] 
     ######## #### ########  ######## ########     ###     ######  ########
     ##        ##  ##     ## ##       ##     ##  ##   ##  ##       ##
     ######    ##  ########  ######   ########  #########  ######  ######
     ##        ##  ##    ##  ##       ##     ## ##     ##       ## ##
     ##       #### ##     ## ######## ########  ##     ##  ######  ########

You're about to initialize a Firebase project in this directory:

  E:\FinalHackathon-SMIT

[info] 
=== Project Setup
[info] 
[info] First, let's associate this project directory with a Firebase project.
[info] You can create multiple project aliases by running firebase use --add, 
[info] but for now we'll just set up a default project.
[info] 
[debug] [2022-05-14T17:52:55.575Z] >>> [apiv2][query] GET https://firebase.googleapis.com/v1beta1/projects pageSize=100
[debug] [2022-05-14T17:52:56.331Z] <<< [apiv2][status] GET https://firebase.googleapis.com/v1beta1/projects 200
[debug] [2022-05-14T17:52:56.331Z] <<< [apiv2][body] GET https://firebase.googleapis.com/v1beta1/projects [omitted]
[info] i  Using project smit-webapp (SMIT-WebAPP) 
[info] 
=== Hosting Setup
[info] 
[info] Your public directory is the folder (relative to your project directory) that
[info] will contain Hosting assets to be uploaded with firebase deploy. If you
[info] have a build process for your assets, use your build's output directory.
[info] 
[debug] [2022-05-14T17:53:30.925Z] >>> [apiv2][query] GET https://www.gstatic.com/firebasejs/releases.json [none]
[debug] [2022-05-14T17:53:31.142Z] <<< [apiv2][status] GET https://www.gstatic.com/firebasejs/releases.json 200
[debug] [2022-05-14T17:53:31.143Z] <<< [apiv2][body] GET https://www.gstatic.com/firebasejs/releases.json {"current":{"version":"9.8.1","browserURL":"https://www.gstatic.com/firebasejs/9.8.1/firebase.js","packageURL":"https://www.gstatic.com/firebasejs/9.8.1/firebase.tgz"},"live":{"version":"9.8","browserURL":"https://www.gstatic.com/firebasejs/live/9.8/firebase.js","packageURL":"https://www.gstatic.com/firebasejs/live/9.8/firebase.tgz"},"components":{"analytics":"https://www.gstatic.com/firebasejs/9.8.1/firebase-analytics.js","app":"https://www.gstatic.com/firebasejs/9.8.1/firebase-app.js","app-check":"https://www.gstatic.com/firebasejs/9.8.1/firebase-app-check.js","auth":"https://www.gstatic.com/firebasejs/9.8.1/firebase-auth.js","auth/cordova":"https://www.gstatic.com/firebasejs/9.8.1/firebase-auth/cordova.js","auth/react-native":"https://www.gstatic.com/firebasejs/9.8.1/firebase-auth/react-native.js","functions":"https://www.gstatic.com/firebasejs/9.8.1/firebase-functions.js","firestore":"https://www.gstatic.com/firebasejs/9.8.1/firebase-firestore.js","firestore/lite":"https://www.gstatic.com/firebasejs/9.8.1/firebase-firestore/lite.js","storage":"https://www.gstatic.com/firebasejs/9.8.1/firebase-storage.js","performance":"https://www.gstatic.com/firebasejs/9.8.1/firebase-performance.js","remote-config":"https://www.gstatic.com/firebasejs/9.8.1/firebase-remote-config.js","messaging":"https://www.gstatic.com/firebasejs/9.8.1/firebase-messaging.js","messaging/sw":"https://www.gstatic.com/firebasejs/9.8.1/firebase-messaging/sw.js","database":"https://www.gstatic.com/firebasejs/9.8.1/firebase-database.js","firestore.memory":"https://www.gstatic.com/firebasejs/9.8.1/firebase-firestore.memory.js"}}
[info] +  Wrote y/index.html 
[info] 
[info] i  Detected a .git folder at E:\FinalHackathon-SMIT 
[info] i  Authorizing with GitHub to upload your service account to a GitHub repository's secrets store. 
[info] 
[info] Visit this URL on this device to log in:
[info] https://github.com/login/oauth/authorize?client_id=89cf50f02ac6aaed3484&state=615280875&redirect_uri=http%3A%2F%2Flocalhost%3A9005&scope=read%3Auser%20repo%20public_repo
[info] 
[info] Waiting for authentication...
[debug] [2022-05-14T17:53:31.962Z] >>> HTTP REQUEST POST https://github.com/login/oauth/access_token  
 {"client_id":"89cf50f02ac6aaed3484","client_secret":"3330d14abc895d9a74d5f17cd7a00711fa2c5bf0","code":"c6af3e94aa11758a9b41","redirect_uri":"http://localhost:9005","state":"615280875"}
[debug] [2022-05-14T17:53:32.393Z] <<< HTTP RESPONSE 200 {"server":"GitHub.com","date":"Sat, 14 May 2022 17:53:33 GMT","content-type":"application/json; charset=utf-8","transfer-encoding":"chunked","vary":"X-PJAX, X-PJAX-Container, Accept-Encoding, Accept, X-Requested-With","permissions-policy":"interest-cohort=()","etag":"W/\"10a635f856b5ab15164101f32bfe119a\"","cache-control":"max-age=0, private, must-revalidate","strict-transport-security":"max-age=31536000; includeSubdomains; preload","x-frame-options":"deny","x-content-type-options":"nosniff","x-xss-protection":"0","referrer-policy":"origin-when-cross-origin, strict-origin-when-cross-origin","expect-ct":"max-age=2592000, report-uri=\"https://api.github.com/_private/browser/errors\"","content-security-policy":"default-src 'none'; base-uri 'self'; block-all-mixed-content; child-src github.com/assets-cdn/worker/ gist.github.com/assets-cdn/worker/; connect-src 'self' uploads.github.com objects-origin.githubusercontent.com www.githubstatus.com collector.github.com raw.githubusercontent.com api.github.com github-cloud.s3.amazonaws.com github-production-repository-file-5c1aeb.s3.amazonaws.com github-production-upload-manifest-file-7fdce7.s3.amazonaws.com github-production-user-asset-6210df.s3.amazonaws.com cdn.optimizely.com logx.optimizely.com/v1/events translator.github.com *.actions.githubusercontent.com wss://*.actions.githubusercontent.com online.visualstudio.com/api/v1/locations github-production-repository-image-32fea6.s3.amazonaws.com github-production-release-asset-2e65be.s3.amazonaws.com insights.github.com wss://alive.github.com; font-src github.githubassets.com; form-action 'self' github.com gist.github.com objects-origin.githubusercontent.com; frame-ancestors 'none'; frame-src render.githubusercontent.com viewscreen.githubusercontent.com notebooks.githubusercontent.com; img-src 'self' data: github.githubassets.com identicons.github.com github-cloud.s3.amazonaws.com secured-user-images.githubusercontent.com/ *.githubusercontent.com; manifest-src 'self'; media-src github.com user-images.githubusercontent.com/; script-src github.githubassets.com; style-src 'unsafe-inline' github.githubassets.com; worker-src github.com/assets-cdn/worker/ gist.github.com/assets-cdn/worker/","x-github-request-id":"B0B4:0B7C:AD020:BB27C:627FEC9D"}
[debug] [2022-05-14T17:53:32.406Z] >>> [apiv2][query] GET https://api.github.com/user [none]
[debug] [2022-05-14T17:53:32.893Z] <<< [apiv2][status] GET https://api.github.com/user 200
[debug] [2022-05-14T17:53:32.894Z] <<< [apiv2][body] GET https://api.github.com/user {"login":"HassanNadeemWebD","id":64688959,"node_id":"MDQ6VXNlcjY0Njg4OTU5","avatar_url":"https://avatars.githubusercontent.com/u/64688959?v=4","gravatar_id":"","url":"https://api.github.com/users/HassanNadeemWebD","html_url":"https://github.com/HassanNadeemWebD","followers_url":"https://api.github.com/users/HassanNadeemWebD/followers","following_url":"https://api.github.com/users/HassanNadeemWebD/following{/other_user}","gists_url":"https://api.github.com/users/HassanNadeemWebD/gists{/gist_id}","starred_url":"https://api.github.com/users/HassanNadeemWebD/starred{/owner}{/repo}","subscriptions_url":"https://api.github.com/users/HassanNadeemWebD/subscriptions","organizations_url":"https://api.github.com/users/HassanNadeemWebD/orgs","repos_url":"https://api.github.com/users/HassanNadeemWebD/repos","events_url":"https://api.github.com/users/HassanNadeemWebD/events{/privacy}","received_events_url":"https://api.github.com/users/HassanNadeemWebD/received_events","type":"User","site_admin":false,"name":"Hassan Nadeem ","company":null,"blog":"","location":"Karachi","email":null,"hireable":null,"bio":"A MERN STACK DEVELOPER","twitter_username":null,"public_repos":18,"public_gists":0,"followers":4,"following":2,"created_at":"2020-05-02T11:38:13Z","updated_at":"2022-03-08T18:23:26Z","private_gists":0,"total_private_repos":0,"owned_private_repos":0,"disk_usage":45423,"collaborators":0,"two_factor_authentication":false,"plan":{"name":"free","space":976562499,"collaborators":0,"private_repos":10000}}
[info] 
[info] +  Success! Logged into GitHub as HassanNadeemWebD 
[info] 
